2024-06-30 11:12:52 DEBUG show_ffmpeg_shared_memory.c:113: Start show_ffmpeg_shared_memory agent!

2024-06-30 11:12:52 DEBUG fs_inotify.c:24: inotify_path : /home/venom/PycharmProjects/pyLedServer_FPGA/led_config/

2024-06-30 11:12:52 DEBUG fs_inotify.c:35: inotify_file_name : led_parameters

2024-06-30 11:12:52 DEBUG show_ffmpeg_shared_memory.c:141: machine_type : 2

2024-06-30 11:12:52 DEBUG show_ffmpeg_shared_memory.c:145: src_frame_width = 640

2024-06-30 11:12:52 DEBUG show_ffmpeg_shared_memory.c:146: src_frame_height = 480

2024-06-30 11:12:52 DEBUG show_ffmpeg_shared_memory.c:147: show_preview = 0

2024-06-30 11:12:52 DEBUG show_ffmpeg_shared_memory.c:153: preview width : 640

2024-06-30 11:12:52 DEBUG show_ffmpeg_shared_memory.c:154: preview height : 480

2024-06-30 11:12:52 DEBUG fs_inotify.c:80: inotify_path : /home/venom/PycharmProjects/pyLedServer_FPGA/led_config/

2024-06-30 11:12:52 DEBUG fs_inotify.c:81: inotify_file_name : led_parameters

2024-06-30 11:12:52 DEBUG fs_inotify.c:47: file_uri : /home/venom/PycharmProjects/pyLedServer_FPGA/led_config/led_parameters

2024-06-30 11:12:52 DEBUG fs_inotify.c:55: Retrieved line of length 18:

2024-06-30 11:12:52 DEBUG fs_inotify.c:56: led_brightness=80

2024-06-30 11:12:52 DEBUG fs_inotify.c:58: got brightness

2024-06-30 11:12:52 DEBUG fs_inotify.c:60: br: 80
2024-06-30 11:12:52 DEBUG fs_inotify.c:86: final br : 204

2024-06-30 11:12:52 DEBUG fs_inotify.c:97: machine_type : 2

2024-06-30 11:12:54 DEBUG fs_inotify.c:147: File led_parameters modified.

2024-06-30 11:12:54 DEBUG fs_inotify.c:148: event name and file matched. led_parameters

2024-06-30 11:12:54 DEBUG fs_inotify.c:47: file_uri : /home/venom/PycharmProjects/pyLedServer_FPGA/led_config/led_parameters

2024-06-30 11:12:54 DEBUG fs_inotify.c:55: Retrieved line of length 18:

2024-06-30 11:12:54 DEBUG fs_inotify.c:56: led_brightness=80

2024-06-30 11:12:54 DEBUG fs_inotify.c:58: got brightness

2024-06-30 11:12:54 DEBUG fs_inotify.c:60: br: 80
2024-06-30 11:12:54 DEBUG fs_inotify.c:152: final br : 204

2024-06-30 11:12:55 DEBUG fs_inotify.c:147: File led_parameters modified.

2024-06-30 11:12:55 DEBUG fs_inotify.c:148: event name and file matched. led_parameters

2024-06-30 11:12:55 DEBUG fs_inotify.c:47: file_uri : /home/venom/PycharmProjects/pyLedServer_FPGA/led_config/led_parameters

2024-06-30 11:12:55 DEBUG fs_inotify.c:55: Retrieved line of length 18:

2024-06-30 11:12:55 DEBUG fs_inotify.c:56: led_brightness=90

2024-06-30 11:12:55 DEBUG fs_inotify.c:58: got brightness

2024-06-30 11:12:55 DEBUG fs_inotify.c:60: br: 90
2024-06-30 11:12:55 DEBUG fs_inotify.c:152: final br : 229

2024-06-30 11:13:19 DEBUG fs_inotify.c:147: File led_parameters modified.

2024-06-30 11:13:19 DEBUG fs_inotify.c:148: event name and file matched. led_parameters

2024-06-30 11:13:19 DEBUG fs_inotify.c:47: file_uri : /home/venom/PycharmProjects/pyLedServer_FPGA/led_config/led_parameters

2024-06-30 11:13:19 DEBUG fs_inotify.c:152: final br : 0

2024-06-30 11:13:19 DEBUG fs_inotify.c:147: File led_parameters modified.

2024-06-30 11:13:19 DEBUG fs_inotify.c:148: event name and file matched. led_parameters

2024-06-30 11:13:19 DEBUG fs_inotify.c:47: file_uri : /home/venom/PycharmProjects/pyLedServer_FPGA/led_config/led_parameters

2024-06-30 11:13:19 DEBUG fs_inotify.c:55: Retrieved line of length 18:

2024-06-30 11:13:19 DEBUG fs_inotify.c:56: led_brightness=70

2024-06-30 11:13:19 DEBUG fs_inotify.c:58: got brightness

2024-06-30 11:13:19 DEBUG fs_inotify.c:60: br: 70
2024-06-30 11:13:19 DEBUG fs_inotify.c:152: final br : 178

2024-06-30 11:13:19 DEBUG fs_inotify.c:147: File led_parameters modified.

2024-06-30 11:13:19 DEBUG fs_inotify.c:148: event name and file matched. led_parameters

2024-06-30 11:13:19 DEBUG fs_inotify.c:47: file_uri : /home/venom/PycharmProjects/pyLedServer_FPGA/led_config/led_parameters

2024-06-30 11:13:19 DEBUG fs_inotify.c:55: Retrieved line of length 18:

2024-06-30 11:13:19 DEBUG fs_inotify.c:56: led_brightness=70

2024-06-30 11:13:19 DEBUG fs_inotify.c:58: got brightness

2024-06-30 11:13:19 DEBUG fs_inotify.c:60: br: 70
2024-06-30 11:13:19 DEBUG fs_inotify.c:152: final br : 178

2024-06-30 11:13:40 DEBUG fs_inotify.c:147: File led_parameters modified.

2024-06-30 11:13:40 DEBUG fs_inotify.c:148: event name and file matched. led_parameters

2024-06-30 11:13:40 DEBUG fs_inotify.c:47: file_uri : /home/venom/PycharmProjects/pyLedServer_FPGA/led_config/led_parameters

2024-06-30 11:13:40 DEBUG fs_inotify.c:55: Retrieved line of length 18:

2024-06-30 11:13:40 DEBUG fs_inotify.c:56: led_brightness=60

2024-06-30 11:13:40 DEBUG fs_inotify.c:58: got brightness

2024-06-30 11:13:40 DEBUG fs_inotify.c:60: br: 60
2024-06-30 11:13:40 DEBUG fs_inotify.c:152: final br : 153

2024-06-30 11:14:50 DEBUG fs_inotify.c:147: File led_parameters modified.

2024-06-30 11:14:50 DEBUG fs_inotify.c:148: event name and file matched. led_parameters

2024-06-30 11:14:50 DEBUG fs_inotify.c:47: file_uri : /home/venom/PycharmProjects/pyLedServer_FPGA/led_config/led_parameters

2024-06-30 11:14:50 DEBUG fs_inotify.c:55: Retrieved line of length 18:

2024-06-30 11:14:50 DEBUG fs_inotify.c:56: led_brightness=60

2024-06-30 11:14:50 DEBUG fs_inotify.c:58: got brightness

2024-06-30 11:14:50 DEBUG fs_inotify.c:60: br: 60
2024-06-30 11:14:50 DEBUG fs_inotify.c:152: final br : 153

